<databaseChangeLog
        xmlns="http://www.liquibase.org/xml/ns/dbchangelog"
        xmlns:ext="http://www.liquibase.org/xml/ns/dbchangelog-ext"
        xmlns:xsi="http://www.w3.org/2001/XMLSchema-instance"
        xsi:schemaLocation="http://www.liquibase.org/xml/ns/dbchangelog-ext
   http://www.liquibase.org/xml/ns/dbchangelog/dbchangelog-ext.xsd
   http://www.liquibase.org/xml/ns/dbchangelog
   http://www.liquibase.org/xml/ns/dbchangelog/dbchangelog-3.4.xsd">

    <changeSet author="imilienko" id="test-change-fields-length">
        <sql    dbms="postgesql">
            ALTER TABLE public.tests ALTER COLUMN description TYPE varchar(512);
            ALTER TABLE public.tests ALTER COLUMN title TYPE varchar(256);

        </sql>
    </changeSet>

</databaseChangeLog>